c:\users\amd-pc-08\source\repos\oct_angio\oct_angio\x64\release\moc_oct_angio.obj
c:\users\amd-pc-08\source\repos\oct_angio\oct_angio\x64\release\qrc_oct_angio.obj
c:\users\amd-pc-08\source\repos\oct_angio\oct_angio\x64\release\oct_angio.obj
c:\users\amd-pc-08\source\repos\oct_angio\oct_angio\x64\release\main.obj
c:\users\amd-pc-08\source\repos\oct_angio\x64\release\oct_angio.exe
c:\users\amd-pc-08\source\repos\oct_angio\oct_angio\x64\release\moc\moc_oct_angio.cpp
c:\users\amd-pc-08\source\repos\oct_angio\oct_angio\x64\release\uic\ui_oct_angio.h
c:\users\amd-pc-08\source\repos\oct_angio\oct_angio\x64\release\rcc\qrc_oct_angio.cpp
c:\users\amd-pc-08\source\repos\oct_angio\oct_angio\x64\release\oct_angio.tlog\cl.command.1.tlog
c:\users\amd-pc-08\source\repos\oct_angio\oct_angio\x64\release\oct_angio.tlog\cl.read.1.tlog
c:\users\amd-pc-08\source\repos\oct_angio\oct_angio\x64\release\oct_angio.tlog\cl.write.1.tlog
c:\users\amd-pc-08\source\repos\oct_angio\oct_angio\x64\release\oct_angio.tlog\link.command.1.tlog
c:\users\amd-pc-08\source\repos\oct_angio\oct_angio\x64\release\oct_angio.tlog\link.read.1.tlog
c:\users\amd-pc-08\source\repos\oct_angio\oct_angio\x64\release\oct_angio.tlog\link.write.1.tlog
c:\users\amd-pc-08\source\repos\oct_angio\oct_angio\x64\release\oct_angio.tlog\moc.read.1u.tlog
c:\users\amd-pc-08\source\repos\oct_angio\oct_angio\x64\release\oct_angio.tlog\moc.write.1u.tlog
c:\users\amd-pc-08\source\repos\oct_angio\oct_angio\x64\release\oct_angio.tlog\oct_angio.write.1u.tlog
c:\users\amd-pc-08\source\repos\oct_angio\oct_angio\x64\release\oct_angio.tlog\rcc.read.1u.tlog
c:\users\amd-pc-08\source\repos\oct_angio\oct_angio\x64\release\oct_angio.tlog\rcc.write.1u.tlog
c:\users\amd-pc-08\source\repos\oct_angio\oct_angio\x64\release\oct_angio.tlog\uic.read.1u.tlog
c:\users\amd-pc-08\source\repos\oct_angio\oct_angio\x64\release\oct_angio.tlog\uic.write.1u.tlog
